<?xml version="1.0" encoding="UTF-8"?>
<testng-results skipped="0" failed="0" total="2" passed="2">
  <reporter-output>
  </reporter-output>
  <suite name="Suite" duration-ms="6772" started-at="2021-09-03T13:53:04Z" finished-at="2021-09-03T13:53:11Z">
    <groups>
      <group name="cucumber">
        <method signature="AbstractTestNGCucumberTests.runScenario(io.cucumber.testng.PickleWrapper, io.cucumber.testng.FeatureWrapper)[pri:0, instance:cucumberRunner.TestRun@5f2108b5]" name="runScenario" class="io.cucumber.testng.AbstractTestNGCucumberTests"/>
      </group> <!-- cucumber -->
    </groups>
    <test name="Test" duration-ms="6772" started-at="2021-09-03T13:53:04Z" finished-at="2021-09-03T13:53:11Z">
      <class name="cucumberRunner.TestRun">
        <test-method status="PASS" signature="setUpClass()[pri:0, instance:cucumberRunner.TestRun@5f2108b5]" name="setUpClass" is-config="true" duration-ms="288" started-at="2021-09-03T19:23:04Z" finished-at="2021-09-03T19:23:04Z">
          <reporter-output>
          </reporter-output>
        </test-method> <!-- setUpClass -->
        <test-method status="PASS" signature="runScenario(io.cucumber.testng.PickleWrapper, io.cucumber.testng.FeatureWrapper)[pri:0, instance:cucumberRunner.TestRun@5f2108b5]" name="runScenario" duration-ms="6452" started-at="2021-09-03T19:23:04Z" description="Runs Cucumber Scenarios" data-provider="scenarios" finished-at="2021-09-03T19:23:11Z">
          <params>
            <param index="0">
              <value>
                <![CDATA["Operations of Employees Details"]]>
              </value>
            </param>
            <param index="1">
              <value>
                <![CDATA["Optional[Employee Details]"]]>
              </value>
            </param>
          </params>
          <reporter-output>
          </reporter-output>
        </test-method> <!-- runScenario -->
        <test-method status="PASS" signature="runScenario(io.cucumber.testng.PickleWrapper, io.cucumber.testng.FeatureWrapper)[pri:0, instance:cucumberRunner.TestRun@5f2108b5]" name="runScenario" duration-ms="3" started-at="2021-09-03T19:23:11Z" description="Runs Cucumber Scenarios" data-provider="scenarios" finished-at="2021-09-03T19:23:11Z">
          <params>
            <param index="0">
              <value>
                <![CDATA["Running the script successfully"]]>
              </value>
            </param>
            <param index="1">
              <value>
                <![CDATA["Optional[Employee Details]"]]>
              </value>
            </param>
          </params>
          <reporter-output>
          </reporter-output>
        </test-method> <!-- runScenario -->
        <test-method status="PASS" signature="tearDownClass()[pri:0, instance:cucumberRunner.TestRun@5f2108b5]" name="tearDownClass" is-config="true" duration-ms="9" started-at="2021-09-03T19:23:11Z" finished-at="2021-09-03T19:23:11Z">
          <reporter-output>
          </reporter-output>
        </test-method> <!-- tearDownClass -->
      </class> <!-- cucumberRunner.TestRun -->
    </test> <!-- Test -->
  </suite> <!-- Suite -->
</testng-results>
